2023-05-07 14:48:02.553  INFO 2781 --- [main] c.i.C.CourierManagementApplication       : Starting CourierManagementApplication using Java 17.0.6 on Adityas-MacBook-Pro.local with PID 2781 (/Users/adityav/Desktop/8/SPE/major project/Courier-Management-Application/backend/target/classes started by adityav in /Users/adityav/Desktop/8/SPE/major project/Courier-Management-Application/backend)
2023-05-07 14:48:02.554  INFO 2781 --- [main] c.i.C.CourierManagementApplication       : No active profile set, falling back to default profiles: default
2023-05-07 14:48:02.837  INFO 2781 --- [main] .s.d.r.c.RepositoryConfigurationDelegate : Bootstrapping Spring Data JPA repositories in DEFAULT mode.
2023-05-07 14:48:02.862  INFO 2781 --- [main] .s.d.r.c.RepositoryConfigurationDelegate : Finished Spring Data repository scanning in 22 ms. Found 3 JPA repository interfaces.
2023-05-07 14:48:02.997  INFO 2781 --- [main] trationDelegate$BeanPostProcessorChecker : Bean 'org.springframework.security.access.expression.method.DefaultMethodSecurityExpressionHandler@77134e08' of type [org.springframework.security.access.expression.method.DefaultMethodSecurityExpressionHandler] is not eligible for getting processed by all BeanPostProcessors (for example: not eligible for auto-proxying)
2023-05-07 14:48:02.999  INFO 2781 --- [main] trationDelegate$BeanPostProcessorChecker : Bean 'methodSecurityMetadataSource' of type [org.springframework.security.access.method.DelegatingMethodSecurityMetadataSource] is not eligible for getting processed by all BeanPostProcessors (for example: not eligible for auto-proxying)
2023-05-07 14:48:03.125  INFO 2781 --- [main] o.s.b.w.embedded.tomcat.TomcatWebServer  : Tomcat initialized with port(s): 9090 (http)
2023-05-07 14:48:03.131  INFO 2781 --- [main] o.apache.catalina.core.StandardService   : Starting service [Tomcat]
2023-05-07 14:48:03.131  INFO 2781 --- [main] org.apache.catalina.core.StandardEngine  : Starting Servlet engine: [Apache Tomcat/9.0.45]
2023-05-07 14:48:03.160  INFO 2781 --- [main] o.a.c.c.C.[Tomcat].[localhost].[/]       : Initializing Spring embedded WebApplicationContext
2023-05-07 14:48:03.160  INFO 2781 --- [main] w.s.c.ServletWebServerApplicationContext : Root WebApplicationContext: initialization completed in 585 ms
2023-05-07 14:48:03.264  INFO 2781 --- [main] o.hibernate.jpa.internal.util.LogHelper  : HHH000204: Processing PersistenceUnitInfo [name: default]
2023-05-07 14:48:03.284  INFO 2781 --- [main] org.hibernate.Version                    : HHH000412: Hibernate ORM core version 5.4.30.Final
2023-05-07 14:48:03.339  INFO 2781 --- [main] o.hibernate.annotations.common.Version   : HCANN000001: Hibernate Commons Annotations {5.1.2.Final}
2023-05-07 14:48:03.385  INFO 2781 --- [main] com.zaxxer.hikari.HikariDataSource       : HikariPool-1 - Starting...
2023-05-07 14:48:03.450  INFO 2781 --- [main] com.zaxxer.hikari.HikariDataSource       : HikariPool-1 - Start completed.
2023-05-07 14:48:03.462  INFO 2781 --- [main] org.hibernate.dialect.Dialect            : HHH000400: Using dialect: org.hibernate.dialect.MySQL8Dialect
2023-05-07 14:48:03.761  INFO 2781 --- [main] o.h.e.t.j.p.i.JtaPlatformInitiator       : HHH000490: Using JtaPlatform implementation: [org.hibernate.engine.transaction.jta.platform.internal.NoJtaPlatform]
2023-05-07 14:48:03.764  INFO 2781 --- [main] j.LocalContainerEntityManagerFactoryBean : Initialized JPA EntityManagerFactory for persistence unit 'default'
2023-05-07 14:48:03.876  WARN 2781 --- [main] JpaBaseConfiguration$JpaWebConfiguration : spring.jpa.open-in-view is enabled by default. Therefore, database queries may be performed during view rendering. Explicitly configure spring.jpa.open-in-view to disable this warning
2023-05-07 14:48:04.304  INFO 2781 --- [main] o.s.s.web.DefaultSecurityFilterChain     : Will secure any request with [org.springframework.security.web.context.request.async.WebAsyncManagerIntegrationFilter@4e3a6c83, org.springframework.security.web.context.SecurityContextPersistenceFilter@6a0ee80, org.springframework.security.web.header.HeaderWriterFilter@c478e4e, org.springframework.web.filter.CorsFilter@b889cb6, org.springframework.security.web.authentication.logout.LogoutFilter@234bfc8c, com.iiitb.CourierManagement.configuration.JwtRequestFilter@20171cdc, org.springframework.security.web.savedrequest.RequestCacheAwareFilter@25c16cf7, org.springframework.security.web.servletapi.SecurityContextHolderAwareRequestFilter@71b7e9c8, org.springframework.security.web.authentication.AnonymousAuthenticationFilter@74faf450, org.springframework.security.web.session.SessionManagementFilter@50008974, org.springframework.security.web.access.ExceptionTranslationFilter@f575d2b, org.springframework.security.web.access.intercept.FilterSecurityInterceptor@43efe064]
2023-05-07 14:48:04.322  INFO 2781 --- [main] o.s.s.concurrent.ThreadPoolTaskExecutor  : Initializing ExecutorService 'applicationTaskExecutor'
2023-05-07 14:48:04.375  INFO 2781 --- [main] o.s.b.w.embedded.tomcat.TomcatWebServer  : Tomcat started on port(s): 9090 (http) with context path ''
2023-05-07 14:48:04.379  INFO 2781 --- [main] c.i.C.CourierManagementApplication       : Started CourierManagementApplication in 2.132 seconds (JVM running for 2.288)
2023-05-07 14:48:08.540  INFO 2781 --- [http-nio-9090-exec-1] o.a.c.c.C.[Tomcat].[localhost].[/]       : Initializing Spring DispatcherServlet 'dispatcherServlet'
2023-05-07 14:48:08.540  INFO 2781 --- [http-nio-9090-exec-1] o.s.web.servlet.DispatcherServlet        : Initializing Servlet 'dispatcherServlet'
2023-05-07 14:48:08.541  INFO 2781 --- [http-nio-9090-exec-1] o.s.web.servlet.DispatcherServlet        : Completed initialization in 1 ms
2023-05-07 14:48:08.632  INFO 2781 --- [http-nio-9090-exec-1] c.i.C.controller.CourierController       : FATAL ERROR
