2023-05-07 14:08:05,200 [INFO] com.iiitb.CourierManagement.CourierManagementApplication [main] Starting CourierManagementApplication using Java 17.0.6 on Adityas-MacBook-Pro.local with PID 2348 (/Users/adityav/Desktop/8/SPE/major project/Courier-Management-Application/backend/target/classes started by adityav in /Users/adityav/Desktop/8/SPE/major project/Courier-Management-Application/backend)
2023-05-07 14:08:05,201 [INFO] com.iiitb.CourierManagement.CourierManagementApplication [main] No active profile set, falling back to default profiles: default
2023-05-07 14:08:05,479 [INFO] org.springframework.data.repository.config.RepositoryConfigurationDelegate [main] Bootstrapping Spring Data JPA repositories in DEFAULT mode.
2023-05-07 14:08:05,505 [INFO] org.springframework.data.repository.config.RepositoryConfigurationDelegate [main] Finished Spring Data repository scanning in 23 ms. Found 3 JPA repository interfaces.
2023-05-07 14:08:05,641 [INFO] org.springframework.context.support.PostProcessorRegistrationDelegate$BeanPostProcessorChecker [main] Bean 'org.springframework.security.access.expression.method.DefaultMethodSecurityExpressionHandler@14dc3f89' of type [org.springframework.security.access.expression.method.DefaultMethodSecurityExpressionHandler] is not eligible for getting processed by all BeanPostProcessors (for example: not eligible for auto-proxying)
2023-05-07 14:08:05,643 [INFO] org.springframework.context.support.PostProcessorRegistrationDelegate$BeanPostProcessorChecker [main] Bean 'methodSecurityMetadataSource' of type [org.springframework.security.access.method.DelegatingMethodSecurityMetadataSource] is not eligible for getting processed by all BeanPostProcessors (for example: not eligible for auto-proxying)
2023-05-07 14:08:05,757 [INFO] org.springframework.boot.web.embedded.tomcat.TomcatWebServer [main] Tomcat initialized with port(s): 9090 (http)
2023-05-07 14:08:05,762 [INFO] org.apache.catalina.core.StandardService [main] Starting service [Tomcat]
2023-05-07 14:08:05,762 [INFO] org.apache.catalina.core.StandardEngine [main] Starting Servlet engine: [Apache Tomcat/9.0.45]
2023-05-07 14:08:05,792 [INFO] org.apache.catalina.core.ContainerBase.[Tomcat].[localhost].[/] [main] Initializing Spring embedded WebApplicationContext
2023-05-07 14:08:05,792 [INFO] org.springframework.boot.web.servlet.context.ServletWebServerApplicationContext [main] Root WebApplicationContext: initialization completed in 572 ms
2023-05-07 14:08:05,896 [INFO] org.hibernate.jpa.internal.util.LogHelper [main] HHH000204: Processing PersistenceUnitInfo [name: default]
2023-05-07 14:08:05,914 [INFO] org.hibernate.Version [main] HHH000412: Hibernate ORM core version 5.4.30.Final
2023-05-07 14:08:05,963 [INFO] org.hibernate.annotations.common.Version [main] HCANN000001: Hibernate Commons Annotations {5.1.2.Final}
2023-05-07 14:08:05,999 [INFO] com.zaxxer.hikari.HikariDataSource [main] HikariPool-1 - Starting...
2023-05-07 14:08:06,069 [INFO] com.zaxxer.hikari.HikariDataSource [main] HikariPool-1 - Start completed.
2023-05-07 14:08:06,080 [INFO] org.hibernate.dialect.Dialect [main] HHH000400: Using dialect: org.hibernate.dialect.MySQL8Dialect
2023-05-07 14:08:06,367 [INFO] org.hibernate.engine.transaction.jta.platform.internal.JtaPlatformInitiator [main] HHH000490: Using JtaPlatform implementation: [org.hibernate.engine.transaction.jta.platform.internal.NoJtaPlatform]
2023-05-07 14:08:06,370 [INFO] org.springframework.orm.jpa.LocalContainerEntityManagerFactoryBean [main] Initialized JPA EntityManagerFactory for persistence unit 'default'
2023-05-07 14:08:06,484 [WARN] org.springframework.boot.autoconfigure.orm.jpa.JpaBaseConfiguration$JpaWebConfiguration [main] spring.jpa.open-in-view is enabled by default. Therefore, database queries may be performed during view rendering. Explicitly configure spring.jpa.open-in-view to disable this warning
2023-05-07 14:08:06,905 [INFO] org.springframework.security.web.DefaultSecurityFilterChain [main] Will secure any request with [org.springframework.security.web.context.request.async.WebAsyncManagerIntegrationFilter@17fa14a3, org.springframework.security.web.context.SecurityContextPersistenceFilter@738ed8f5, org.springframework.security.web.header.HeaderWriterFilter@53dbe7b2, org.springframework.web.filter.CorsFilter@5552d10, org.springframework.security.web.authentication.logout.LogoutFilter@221cdd87, com.iiitb.CourierManagement.configuration.JwtRequestFilter@4ea43d4d, org.springframework.security.web.savedrequest.RequestCacheAwareFilter@478c84aa, org.springframework.security.web.servletapi.SecurityContextHolderAwareRequestFilter@ef220e4, org.springframework.security.web.authentication.AnonymousAuthenticationFilter@3b3190fd, org.springframework.security.web.session.SessionManagementFilter@77d58f3a, org.springframework.security.web.access.ExceptionTranslationFilter@71de1091, org.springframework.security.web.access.intercept.FilterSecurityInterceptor@515d615]
2023-05-07 14:08:06,923 [INFO] org.springframework.scheduling.concurrent.ThreadPoolTaskExecutor [main] Initializing ExecutorService 'applicationTaskExecutor'
2023-05-07 14:08:06,975 [INFO] org.springframework.boot.web.embedded.tomcat.TomcatWebServer [main] Tomcat started on port(s): 9090 (http) with context path ''
2023-05-07 14:08:06,980 [INFO] com.iiitb.CourierManagement.CourierManagementApplication [main] Started CourierManagementApplication in 2.168 seconds (JVM running for 2.326)
2023-05-07 14:08:11,239 [INFO] org.apache.catalina.core.ContainerBase.[Tomcat].[localhost].[/] [http-nio-9090-exec-2] Initializing Spring DispatcherServlet 'dispatcherServlet'
2023-05-07 14:08:11,239 [INFO] org.springframework.web.servlet.DispatcherServlet [http-nio-9090-exec-2] Initializing Servlet 'dispatcherServlet'
2023-05-07 14:08:11,240 [INFO] org.springframework.web.servlet.DispatcherServlet [http-nio-9090-exec-2] Completed initialization in 1 ms
2023-05-07 14:08:11,327 [TRACE] com.iiitb.CourierManagement.controller.CourierController [http-nio-9090-exec-2] FATAL ERROR
2023-05-07 14:23:43,692 [INFO] org.springframework.scheduling.concurrent.ThreadPoolTaskExecutor [SpringContextShutdownHook] Shutting down ExecutorService 'applicationTaskExecutor'
2023-05-07 14:23:43,693 [INFO] org.springframework.orm.jpa.LocalContainerEntityManagerFactoryBean [SpringContextShutdownHook] Closing JPA EntityManagerFactory for persistence unit 'default'
2023-05-07 14:23:43,694 [INFO] com.zaxxer.hikari.HikariDataSource [SpringContextShutdownHook] HikariPool-1 - Shutdown initiated...
2023-05-07 14:23:43,697 [INFO] com.zaxxer.hikari.HikariDataSource [SpringContextShutdownHook] HikariPool-1 - Shutdown completed.
