2023-05-09 00:08:49,997 [INFO] org.springframework.scheduling.concurrent.ThreadPoolTaskExecutor [SpringContextShutdownHook] Shutting down ExecutorService 'applicationTaskExecutor'
2023-05-09 00:08:49,999 [INFO] org.springframework.orm.jpa.LocalContainerEntityManagerFactoryBean [SpringContextShutdownHook] Closing JPA EntityManagerFactory for persistence unit 'default'
2023-05-09 00:08:50,000 [INFO] com.zaxxer.hikari.HikariDataSource [SpringContextShutdownHook] HikariPool-1 - Shutdown initiated...
2023-05-09 00:08:50,004 [INFO] com.zaxxer.hikari.HikariDataSource [SpringContextShutdownHook] HikariPool-1 - Shutdown completed.
2023-05-09 00:08:59,292 [INFO] com.iiitb.CourierManagement.CourierManagementApplication [main] Starting CourierManagementApplication using Java 17.0.6 on Adityas-MacBook-Pro.local with PID 66128 (/Users/adityav/Desktop/8/SPE/major project/Courier-Management-Application/backend/target/classes started by adityav in /Users/adityav/Desktop/8/SPE/major project/Courier-Management-Application/backend)
2023-05-09 00:08:59,293 [INFO] com.iiitb.CourierManagement.CourierManagementApplication [main] No active profile set, falling back to default profiles: default
2023-05-09 00:08:59,571 [INFO] org.springframework.data.repository.config.RepositoryConfigurationDelegate [main] Bootstrapping Spring Data JPA repositories in DEFAULT mode.
2023-05-09 00:08:59,595 [INFO] org.springframework.data.repository.config.RepositoryConfigurationDelegate [main] Finished Spring Data repository scanning in 19 ms. Found 3 JPA repository interfaces.
2023-05-09 00:08:59,730 [INFO] org.springframework.context.support.PostProcessorRegistrationDelegate$BeanPostProcessorChecker [main] Bean 'org.springframework.security.access.expression.method.DefaultMethodSecurityExpressionHandler@573284a5' of type [org.springframework.security.access.expression.method.DefaultMethodSecurityExpressionHandler] is not eligible for getting processed by all BeanPostProcessors (for example: not eligible for auto-proxying)
2023-05-09 00:08:59,732 [INFO] org.springframework.context.support.PostProcessorRegistrationDelegate$BeanPostProcessorChecker [main] Bean 'methodSecurityMetadataSource' of type [org.springframework.security.access.method.DelegatingMethodSecurityMetadataSource] is not eligible for getting processed by all BeanPostProcessors (for example: not eligible for auto-proxying)
2023-05-09 00:08:59,855 [INFO] org.springframework.boot.web.embedded.tomcat.TomcatWebServer [main] Tomcat initialized with port(s): 9090 (http)
2023-05-09 00:08:59,860 [INFO] org.apache.catalina.core.StandardService [main] Starting service [Tomcat]
2023-05-09 00:08:59,860 [INFO] org.apache.catalina.core.StandardEngine [main] Starting Servlet engine: [Apache Tomcat/9.0.45]
2023-05-09 00:08:59,891 [INFO] org.apache.catalina.core.ContainerBase.[Tomcat].[localhost].[/] [main] Initializing Spring embedded WebApplicationContext
2023-05-09 00:08:59,891 [INFO] org.springframework.boot.web.servlet.context.ServletWebServerApplicationContext [main] Root WebApplicationContext: initialization completed in 578 ms
2023-05-09 00:08:59,997 [INFO] org.hibernate.jpa.internal.util.LogHelper [main] HHH000204: Processing PersistenceUnitInfo [name: default]
2023-05-09 00:09:00,015 [INFO] org.hibernate.Version [main] HHH000412: Hibernate ORM core version 5.4.30.Final
2023-05-09 00:09:00,066 [INFO] org.hibernate.annotations.common.Version [main] HCANN000001: Hibernate Commons Annotations {5.1.2.Final}
2023-05-09 00:09:00,110 [INFO] com.zaxxer.hikari.HikariDataSource [main] HikariPool-1 - Starting...
2023-05-09 00:09:00,173 [INFO] com.zaxxer.hikari.HikariDataSource [main] HikariPool-1 - Start completed.
2023-05-09 00:09:00,185 [INFO] org.hibernate.dialect.Dialect [main] HHH000400: Using dialect: org.hibernate.dialect.MySQL8Dialect
2023-05-09 00:09:00,496 [INFO] org.hibernate.engine.transaction.jta.platform.internal.JtaPlatformInitiator [main] HHH000490: Using JtaPlatform implementation: [org.hibernate.engine.transaction.jta.platform.internal.NoJtaPlatform]
2023-05-09 00:09:00,500 [INFO] org.springframework.orm.jpa.LocalContainerEntityManagerFactoryBean [main] Initialized JPA EntityManagerFactory for persistence unit 'default'
2023-05-09 00:09:00,641 [WARN] org.springframework.boot.autoconfigure.orm.jpa.JpaBaseConfiguration$JpaWebConfiguration [main] spring.jpa.open-in-view is enabled by default. Therefore, database queries may be performed during view rendering. Explicitly configure spring.jpa.open-in-view to disable this warning
2023-05-09 00:09:01,058 [INFO] org.springframework.security.web.DefaultSecurityFilterChain [main] Will secure any request with [org.springframework.security.web.context.request.async.WebAsyncManagerIntegrationFilter@72015156, org.springframework.security.web.context.SecurityContextPersistenceFilter@4a3333be, org.springframework.security.web.header.HeaderWriterFilter@3370be55, org.springframework.web.filter.CorsFilter@3a42145, org.springframework.security.web.authentication.logout.LogoutFilter@299ddfff, com.iiitb.CourierManagement.configuration.JwtRequestFilter@7cd3860, org.springframework.security.web.savedrequest.RequestCacheAwareFilter@4f55a864, org.springframework.security.web.servletapi.SecurityContextHolderAwareRequestFilter@73fe7483, org.springframework.security.web.authentication.AnonymousAuthenticationFilter@bb38c49, org.springframework.security.web.session.SessionManagementFilter@5eb041b5, org.springframework.security.web.access.ExceptionTranslationFilter@1958524b, org.springframework.security.web.access.intercept.FilterSecurityInterceptor@48788853]
2023-05-09 00:09:01,076 [INFO] org.springframework.scheduling.concurrent.ThreadPoolTaskExecutor [main] Initializing ExecutorService 'applicationTaskExecutor'
2023-05-09 00:09:01,130 [INFO] org.springframework.boot.web.embedded.tomcat.TomcatWebServer [main] Tomcat started on port(s): 9090 (http) with context path ''
2023-05-09 00:09:01,134 [INFO] com.iiitb.CourierManagement.CourierManagementApplication [main] Started CourierManagementApplication in 2.157 seconds (JVM running for 2.321)
2023-05-09 00:09:23,408 [INFO] org.apache.catalina.core.ContainerBase.[Tomcat].[localhost].[/] [http-nio-9090-exec-1] Initializing Spring DispatcherServlet 'dispatcherServlet'
2023-05-09 00:09:23,408 [INFO] org.springframework.web.servlet.DispatcherServlet [http-nio-9090-exec-1] Initializing Servlet 'dispatcherServlet'
2023-05-09 00:09:23,409 [INFO] org.springframework.web.servlet.DispatcherServlet [http-nio-9090-exec-1] Completed initialization in 1 ms
2023-05-09 00:09:23,507 [INFO] com.iiitb.CourierManagement.controller.CourierController [http-nio-9090-exec-1] [TYPE] incoming [METHOD] POST [API_NAME] addCourier [CALLER] admin123 [STATUS] ACCEPT
2023-05-09 00:09:23,565 [INFO] com.iiitb.CourierManagement.controller.CourierController [http-nio-9090-exec-1] [TYPE] outgoing [METHOD] POST [API_NAME] addCourier [CALLER] admin123 [STATUS] SUCCESS
2023-05-09 00:09:48,455 [INFO] com.iiitb.CourierManagement.controller.CourierController [http-nio-9090-exec-4] [TYPE] incoming [METHOD] POST [API_NAME] addCourier [CALLER] admin123 [STATUS] ACCEPT
2023-05-09 00:09:48,467 [INFO] com.iiitb.CourierManagement.controller.CourierController [http-nio-9090-exec-4] [TYPE] outgoing [METHOD] POST [API_NAME] addCourier [CALLER] admin123 [STATUS] SUCCESS
2023-05-09 00:10:03,801 [INFO] org.springframework.scheduling.concurrent.ThreadPoolTaskExecutor [SpringContextShutdownHook] Shutting down ExecutorService 'applicationTaskExecutor'
2023-05-09 00:10:03,803 [INFO] org.springframework.orm.jpa.LocalContainerEntityManagerFactoryBean [SpringContextShutdownHook] Closing JPA EntityManagerFactory for persistence unit 'default'
2023-05-09 00:10:03,804 [INFO] com.zaxxer.hikari.HikariDataSource [SpringContextShutdownHook] HikariPool-1 - Shutdown initiated...
2023-05-09 00:10:03,813 [INFO] com.zaxxer.hikari.HikariDataSource [SpringContextShutdownHook] HikariPool-1 - Shutdown completed.
